[debug] [2026-01-20T22:26:54.356Z] ----------------------------------------------------------------------
[debug] [2026-01-20T22:26:54.358Z] Command:       C:\Program Files\nodejs\node.exe C:\Users\SOL\AppData\Roaming\npm\node_modules\firebase-tools\lib\bin\firebase.js deploy --only hosting --debug
[debug] [2026-01-20T22:26:54.358Z] CLI Version:   14.22.0
[debug] [2026-01-20T22:26:54.358Z] Platform:      win32
[debug] [2026-01-20T22:26:54.358Z] Node Version:  v25.0.0
[debug] [2026-01-20T22:26:54.359Z] Time:          Tue Jan 20 2026 17:26:54 GMT-0500 (hora estándar de Colombia)
[debug] [2026-01-20T22:26:54.359Z] ----------------------------------------------------------------------
[debug] 
[debug] [2026-01-20T22:26:54.576Z] > command requires scopes: ["email","openid","https://www.googleapis.com/auth/cloudplatformprojects.readonly","https://www.googleapis.com/auth/firebase","https://www.googleapis.com/auth/cloud-platform"]
[debug] [2026-01-20T22:26:54.578Z] > authorizing via signed-in user (issamu382@gmail.com)
[debug] [2026-01-20T22:26:54.578Z] [iam] checking project finenproc-ag for permissions ["firebase.projects.get","firebasehosting.sites.update"]
[debug] [2026-01-20T22:26:54.580Z] Checked if tokens are valid: true, expires at: 1768950048099
[debug] [2026-01-20T22:26:54.581Z] Checked if tokens are valid: true, expires at: 1768950048099
[debug] [2026-01-20T22:26:54.621Z] >>> [apiv2][query] POST https://cloudresourcemanager.googleapis.com/v1/projects/finenproc-ag:testIamPermissions [none]
[debug] [2026-01-20T22:26:54.659Z] >>> [apiv2][(partial)header] POST https://cloudresourcemanager.googleapis.com/v1/projects/finenproc-ag:testIamPermissions x-goog-quota-user=projects/finenproc-ag
[debug] [2026-01-20T22:26:54.686Z] >>> [apiv2][body] POST https://cloudresourcemanager.googleapis.com/v1/projects/finenproc-ag:testIamPermissions {"permissions":["firebase.projects.get","firebasehosting.sites.update"]}
[debug] [2026-01-20T22:26:55.317Z] <<< [apiv2][status] POST https://cloudresourcemanager.googleapis.com/v1/projects/finenproc-ag:testIamPermissions 200
[debug] [2026-01-20T22:26:55.318Z] <<< [apiv2][body] POST https://cloudresourcemanager.googleapis.com/v1/projects/finenproc-ag:testIamPermissions {"permissions":["firebase.projects.get","firebasehosting.sites.update"]}
[debug] [2026-01-20T22:26:55.322Z] Checked if tokens are valid: true, expires at: 1768950048099
[debug] [2026-01-20T22:26:55.325Z] Checked if tokens are valid: true, expires at: 1768950048099
[debug] [2026-01-20T22:26:55.327Z] >>> [apiv2][query] GET https://firebase.googleapis.com/v1beta1/projects/finenproc-ag [none]
[debug] [2026-01-20T22:26:55.763Z] <<< [apiv2][status] GET https://firebase.googleapis.com/v1beta1/projects/finenproc-ag 200
[debug] [2026-01-20T22:26:55.764Z] <<< [apiv2][body] GET https://firebase.googleapis.com/v1beta1/projects/finenproc-ag {"projectId":"finenproc-ag","projectNumber":"342590603143","displayName":"finenproc-ag","name":"projects/finenproc-ag","resources":{"hostingSite":"finenproc-ag"},"state":"ACTIVE","etag":"1_9e8eb7ba-ff39-4213-8ee6-00a1985f002b"}
[info] 
[info] === Deploying to 'finenproc-ag'...
[info] 
[info] i  deploying hosting 
[debug] [2026-01-20T22:26:55.785Z] Checked if tokens are valid: true, expires at: 1768950048099
[debug] [2026-01-20T22:26:55.786Z] Checked if tokens are valid: true, expires at: 1768950048099
[debug] [2026-01-20T22:26:55.791Z] >>> [apiv2][query] POST https://firebasehosting.googleapis.com/v1beta1/projects/-/sites/finenprocag-admin/versions [none]
[debug] [2026-01-20T22:26:55.793Z] >>> [apiv2][body] POST https://firebasehosting.googleapis.com/v1beta1/projects/-/sites/finenprocag-admin/versions {"status":"CREATED","labels":{"deployment-tool":"cli-firebase"}}
[debug] [2026-01-20T22:26:56.829Z] <<< [apiv2][status] POST https://firebasehosting.googleapis.com/v1beta1/projects/-/sites/finenprocag-admin/versions 200
[debug] [2026-01-20T22:26:56.830Z] <<< [apiv2][body] POST https://firebasehosting.googleapis.com/v1beta1/projects/-/sites/finenprocag-admin/versions {"name":"projects/342590603143/sites/finenprocag-admin/versions/6bed26845bc2afdd","status":"CREATED","config":{},"labels":{"deployment-tool":"cli-firebase"}}
[info] i  hosting[finenprocag-admin]: beginning deploy... 
[info] i  hosting[finenprocag-admin]: found 5 files in dist 
[debug] [2026-01-20T22:26:56.864Z] [hosting] uploading with 200 concurrency
[debug] [2026-01-20T22:26:56.867Z] [hosting] hash cache [ZGlzdA] not populated
[debug] [2026-01-20T22:26:56.905Z] Checked if tokens are valid: true, expires at: 1768950048099
[debug] [2026-01-20T22:26:56.906Z] Checked if tokens are valid: true, expires at: 1768950048099
[debug] [2026-01-20T22:26:56.919Z] [hosting] hash cache [ZGlzdA] stored for 5 files
[debug] [2026-01-20T22:26:56.920Z] [hosting][hash queue][FINAL] {"max":35,"min":8,"avg":14.4,"active":0,"complete":5,"success":5,"errored":0,"retried":0,"total":5,"elapsed":52}
[debug] [2026-01-20T22:26:56.921Z] >>> [apiv2][query] POST https://firebasehosting.googleapis.com/v1beta1/projects/342590603143/sites/finenprocag-admin/versions/6bed26845bc2afdd:populateFiles [none]
[debug] [2026-01-20T22:26:56.926Z] >>> [apiv2][body] POST https://firebasehosting.googleapis.com/v1beta1/projects/342590603143/sites/finenprocag-admin/versions/6bed26845bc2afdd:populateFiles {"files":{"/index.html":"d9c87d0f04653eeddf9ba705410f151da8260451341a2274bed4c0e09e6a590e","/favicon.svg":"b6cd6eaa1da1e38be694d13b1cdd7665e5632d7368daeb2ca6a7c1ef5fe966b8","/assets/Logo-D466UPiE.png":"16022d83080e2677a5aab04699414248aaf4c75ffe69ce7f21c7b9e25c192d3c","/assets/index-DUKD0R_X.css":"2f6f20748ba5e86220dfee29bdb9369afad9fdb2f4e344fd6304cd0d86c558e6","/assets/index-DySDSlVo.js":"e6ac654da926dbd40029292cdb292179f4dc362b1a734a50f8dc6dbddc0342c6"}}
[debug] [2026-01-20T22:26:57.111Z] <<< [apiv2][status] POST https://firebasehosting.googleapis.com/v1beta1/projects/342590603143/sites/finenprocag-admin/versions/6bed26845bc2afdd:populateFiles 200
[debug] [2026-01-20T22:26:57.112Z] <<< [apiv2][body] POST https://firebasehosting.googleapis.com/v1beta1/projects/342590603143/sites/finenprocag-admin/versions/6bed26845bc2afdd:populateFiles {"uploadRequiredHashes":["2f6f20748ba5e86220dfee29bdb9369afad9fdb2f4e344fd6304cd0d86c558e6","e6ac654da926dbd40029292cdb292179f4dc362b1a734a50f8dc6dbddc0342c6","d9c87d0f04653eeddf9ba705410f151da8260451341a2274bed4c0e09e6a590e","b6cd6eaa1da1e38be694d13b1cdd7665e5632d7368daeb2ca6a7c1ef5fe966b8","16022d83080e2677a5aab04699414248aaf4c75ffe69ce7f21c7b9e25c192d3c"],"uploadUrl":"https://upload-firebasehosting.googleapis.com/upload/sites/finenprocag-admin/versions/6bed26845bc2afdd/files"}
[debug] [2026-01-20T22:26:57.116Z] Checked if tokens are valid: true, expires at: 1768950048099
[debug] [2026-01-20T22:26:57.117Z] Checked if tokens are valid: true, expires at: 1768950048099
[debug] [2026-01-20T22:26:57.119Z] Checked if tokens are valid: true, expires at: 1768950048099
[debug] [2026-01-20T22:26:57.120Z] Checked if tokens are valid: true, expires at: 1768950048099
[debug] [2026-01-20T22:26:57.122Z] Checked if tokens are valid: true, expires at: 1768950048099
[debug] [2026-01-20T22:26:57.125Z] Checked if tokens are valid: true, expires at: 1768950048099
[debug] [2026-01-20T22:26:57.127Z] Checked if tokens are valid: true, expires at: 1768950048099
[debug] [2026-01-20T22:26:57.128Z] Checked if tokens are valid: true, expires at: 1768950048099
[debug] [2026-01-20T22:26:57.130Z] Checked if tokens are valid: true, expires at: 1768950048099
[debug] [2026-01-20T22:26:57.132Z] Checked if tokens are valid: true, expires at: 1768950048099
[debug] [2026-01-20T22:26:57.134Z] >>> [apiv2][query] POST https://upload-firebasehosting.googleapis.com/upload/sites/finenprocag-admin/versions/6bed26845bc2afdd/files/2f6f20748ba5e86220dfee29bdb9369afad9fdb2f4e344fd6304cd0d86c558e6 [none]
[debug] [2026-01-20T22:26:57.137Z] >>> [apiv2][body] POST https://upload-firebasehosting.googleapis.com/upload/sites/finenprocag-admin/versions/6bed26845bc2afdd/files/2f6f20748ba5e86220dfee29bdb9369afad9fdb2f4e344fd6304cd0d86c558e6 [stream]
[debug] [2026-01-20T22:26:57.144Z] >>> [apiv2][query] POST https://upload-firebasehosting.googleapis.com/upload/sites/finenprocag-admin/versions/6bed26845bc2afdd/files/e6ac654da926dbd40029292cdb292179f4dc362b1a734a50f8dc6dbddc0342c6 [none]
[debug] [2026-01-20T22:26:57.147Z] >>> [apiv2][body] POST https://upload-firebasehosting.googleapis.com/upload/sites/finenprocag-admin/versions/6bed26845bc2afdd/files/e6ac654da926dbd40029292cdb292179f4dc362b1a734a50f8dc6dbddc0342c6 [stream]
[debug] [2026-01-20T22:26:57.152Z] >>> [apiv2][query] POST https://upload-firebasehosting.googleapis.com/upload/sites/finenprocag-admin/versions/6bed26845bc2afdd/files/d9c87d0f04653eeddf9ba705410f151da8260451341a2274bed4c0e09e6a590e [none]
[debug] [2026-01-20T22:26:57.153Z] >>> [apiv2][body] POST https://upload-firebasehosting.googleapis.com/upload/sites/finenprocag-admin/versions/6bed26845bc2afdd/files/d9c87d0f04653eeddf9ba705410f151da8260451341a2274bed4c0e09e6a590e [stream]
[debug] [2026-01-20T22:26:57.161Z] >>> [apiv2][query] POST https://upload-firebasehosting.googleapis.com/upload/sites/finenprocag-admin/versions/6bed26845bc2afdd/files/b6cd6eaa1da1e38be694d13b1cdd7665e5632d7368daeb2ca6a7c1ef5fe966b8 [none]
[debug] [2026-01-20T22:26:57.164Z] >>> [apiv2][body] POST https://upload-firebasehosting.googleapis.com/upload/sites/finenprocag-admin/versions/6bed26845bc2afdd/files/b6cd6eaa1da1e38be694d13b1cdd7665e5632d7368daeb2ca6a7c1ef5fe966b8 [stream]
[debug] [2026-01-20T22:26:57.166Z] >>> [apiv2][query] POST https://upload-firebasehosting.googleapis.com/upload/sites/finenprocag-admin/versions/6bed26845bc2afdd/files/16022d83080e2677a5aab04699414248aaf4c75ffe69ce7f21c7b9e25c192d3c [none]
[debug] [2026-01-20T22:26:57.167Z] >>> [apiv2][body] POST https://upload-firebasehosting.googleapis.com/upload/sites/finenprocag-admin/versions/6bed26845bc2afdd/files/16022d83080e2677a5aab04699414248aaf4c75ffe69ce7f21c7b9e25c192d3c [stream]
[debug] [2026-01-20T22:26:57.169Z] [hosting][populate queue][FINAL] {"max":229,"min":229,"avg":229,"active":0,"complete":1,"success":1,"errored":0,"retried":0,"total":1,"elapsed":264}
[debug] [2026-01-20T22:26:57.170Z] [hosting] uploads queued: 5
[debug] [2026-01-20T22:26:57.834Z] <<< [apiv2][status] POST https://upload-firebasehosting.googleapis.com/upload/sites/finenprocag-admin/versions/6bed26845bc2afdd/files/16022d83080e2677a5aab04699414248aaf4c75ffe69ce7f21c7b9e25c192d3c 200
[debug] [2026-01-20T22:26:57.852Z] <<< [apiv2][body] POST https://upload-firebasehosting.googleapis.com/upload/sites/finenprocag-admin/versions/6bed26845bc2afdd/files/16022d83080e2677a5aab04699414248aaf4c75ffe69ce7f21c7b9e25c192d3c [stream]
[debug] [2026-01-20T22:26:58.011Z] <<< [apiv2][status] POST https://upload-firebasehosting.googleapis.com/upload/sites/finenprocag-admin/versions/6bed26845bc2afdd/files/d9c87d0f04653eeddf9ba705410f151da8260451341a2274bed4c0e09e6a590e 200
[debug] [2026-01-20T22:26:58.013Z] <<< [apiv2][body] POST https://upload-firebasehosting.googleapis.com/upload/sites/finenprocag-admin/versions/6bed26845bc2afdd/files/d9c87d0f04653eeddf9ba705410f151da8260451341a2274bed4c0e09e6a590e [stream]
[debug] [2026-01-20T22:26:58.049Z] <<< [apiv2][status] POST https://upload-firebasehosting.googleapis.com/upload/sites/finenprocag-admin/versions/6bed26845bc2afdd/files/b6cd6eaa1da1e38be694d13b1cdd7665e5632d7368daeb2ca6a7c1ef5fe966b8 200
[debug] [2026-01-20T22:26:58.050Z] <<< [apiv2][body] POST https://upload-firebasehosting.googleapis.com/upload/sites/finenprocag-admin/versions/6bed26845bc2afdd/files/b6cd6eaa1da1e38be694d13b1cdd7665e5632d7368daeb2ca6a7c1ef5fe966b8 [stream]
[debug] [2026-01-20T22:26:58.328Z] <<< [apiv2][status] POST https://upload-firebasehosting.googleapis.com/upload/sites/finenprocag-admin/versions/6bed26845bc2afdd/files/2f6f20748ba5e86220dfee29bdb9369afad9fdb2f4e344fd6304cd0d86c558e6 200
[debug] [2026-01-20T22:26:58.401Z] <<< [apiv2][body] POST https://upload-firebasehosting.googleapis.com/upload/sites/finenprocag-admin/versions/6bed26845bc2afdd/files/2f6f20748ba5e86220dfee29bdb9369afad9fdb2f4e344fd6304cd0d86c558e6 [stream]
[debug] [2026-01-20T22:26:58.444Z] <<< [apiv2][status] POST https://upload-firebasehosting.googleapis.com/upload/sites/finenprocag-admin/versions/6bed26845bc2afdd/files/e6ac654da926dbd40029292cdb292179f4dc362b1a734a50f8dc6dbddc0342c6 200
[debug] [2026-01-20T22:26:58.465Z] <<< [apiv2][body] POST https://upload-firebasehosting.googleapis.com/upload/sites/finenprocag-admin/versions/6bed26845bc2afdd/files/e6ac654da926dbd40029292cdb292179f4dc362b1a734a50f8dc6dbddc0342c6 [stream]
[debug] [2026-01-20T22:26:58.481Z] [hosting][upload queue][FINAL] {"max":1363,"min":726,"avg":1047,"active":0,"complete":5,"success":5,"errored":0,"retried":0,"total":5,"elapsed":1366}
[info] i  hosting: upload complete 
[info] +  hosting[finenprocag-admin]: file upload complete 
[debug] [2026-01-20T22:26:58.499Z] [hosting] deploy completed after 1657ms
[debug] [2026-01-20T22:26:58.505Z] [
  {
    "config": {
      "site": "finenprocag-admin",
      "public": "dist",
      "ignore": [
        "firebase.json",
        "**/.*",
        "**/node_modules/**"
      ],
      "rewrites": [
        {
          "source": "**",
          "destination": "/index.html"
        }
      ]
    },
    "version": "projects/342590603143/sites/finenprocag-admin/versions/6bed26845bc2afdd"
  }
]
[info] i  hosting[finenprocag-admin]: finalizing version... 
[debug] [2026-01-20T22:26:58.521Z] Checked if tokens are valid: true, expires at: 1768950048099
[debug] [2026-01-20T22:26:58.521Z] Checked if tokens are valid: true, expires at: 1768950048099
[debug] [2026-01-20T22:26:58.522Z] >>> [apiv2][query] PATCH https://firebasehosting.googleapis.com/v1beta1/projects/-/sites/finenprocag-admin/versions/6bed26845bc2afdd updateMask=status%2Cconfig
[debug] [2026-01-20T22:26:58.523Z] >>> [apiv2][body] PATCH https://firebasehosting.googleapis.com/v1beta1/projects/-/sites/finenprocag-admin/versions/6bed26845bc2afdd {"status":"FINALIZED","config":{"rewrites":[{"glob":"**","path":"/index.html"}]}}
[debug] [2026-01-20T22:26:58.694Z] <<< [apiv2][status] PATCH https://firebasehosting.googleapis.com/v1beta1/projects/-/sites/finenprocag-admin/versions/6bed26845bc2afdd 200
[debug] [2026-01-20T22:26:58.696Z] <<< [apiv2][body] PATCH https://firebasehosting.googleapis.com/v1beta1/projects/-/sites/finenprocag-admin/versions/6bed26845bc2afdd {"name":"projects/342590603143/sites/finenprocag-admin/versions/6bed26845bc2afdd","status":"FINALIZED","config":{"rewrites":[{"glob":"**","path":"/index.html"}]},"labels":{"deployment-tool":"cli-firebase"},"createTime":"2026-01-20T22:26:56.402391Z","createUser":{"email":"issamu382@gmail.com"},"finalizeTime":"2026-01-20T22:26:58.509867Z","finalizeUser":{"email":"issamu382@gmail.com"}}
[debug] [2026-01-20T22:26:58.701Z] [hosting] finalized version for finenprocag-admin:[object Object]
[info] +  hosting[finenprocag-admin]: version finalized 
[info] i  hosting[finenprocag-admin]: releasing new version... 
[debug] [2026-01-20T22:26:58.705Z] Checked if tokens are valid: true, expires at: 1768950048099
[debug] [2026-01-20T22:26:58.706Z] Checked if tokens are valid: true, expires at: 1768950048099
[debug] [2026-01-20T22:26:58.708Z] >>> [apiv2][query] POST https://firebasehosting.googleapis.com/v1beta1/projects/-/sites/finenprocag-admin/channels/live/releases versionName=projects%2F342590603143%2Fsites%2Ffinenprocag-admin%2Fversions%2F6bed26845bc2afdd
[debug] [2026-01-20T22:26:58.716Z] >>> [apiv2][body] POST https://firebasehosting.googleapis.com/v1beta1/projects/-/sites/finenprocag-admin/channels/live/releases {}
[debug] [2026-01-20T22:26:58.932Z] <<< [apiv2][status] POST https://firebasehosting.googleapis.com/v1beta1/projects/-/sites/finenprocag-admin/channels/live/releases 200
